#
# There is insufficient memory for the Java Runtime Environment to continue.
# Native memory allocation (malloc) failed to allocate 48736 bytes for Chunk::new
# Possible reasons:
#   The system is out of physical RAM or swap space
#   In 32 bit mode, the process size limit was hit
# Possible solutions:
#   Reduce memory load on the system
#   Increase physical memory or swap space
#   Check if swap backing store is full
#   Use 64 bit Java on a 64 bit OS
#   Decrease Java heap size (-Xmx/-Xms)
#   Decrease number of Java threads
#   Decrease Java thread stack sizes (-Xss)
#   Set larger code cache with -XX:ReservedCodeCacheSize=
# This output file may be truncated or incomplete.
#
#  Out of Memory Error (allocation.cpp:390), pid=760, tid=0x000000000000207c
#
# JRE version: Java(TM) SE Runtime Environment (8.0_111-b14) (build 1.8.0_111-b14)
# Java VM: Java HotSpot(TM) 64-Bit Server VM (25.111-b14 mixed mode windows-amd64 compressed oops)
# Failed to write core dump. Minidumps are not enabled by default on client versions of Windows
#

---------------  T H R E A D  ---------------

Current thread (0x000000001a03e000):  JavaThread "C2 CompilerThread1" daemon [_thread_in_native, id=8316, stack(0x000000001a910000,0x000000001aa10000)]

Stack: [0x000000001a910000,0x000000001aa10000]
[error occurred during error reporting (printing stack bounds), id 0xc0000005]

Native frames: (J=compiled Java code, j=interpreted, Vv=VM code, C=native code)


Current CompileTask:
C2:  11679  745       4       java.lang.String::toLowerCase (439 bytes)


---------------  P R O C E S S  ---------------

Java Threads: ( => current thread )
  0x000000001b0c6000 JavaThread "EDT" [_thread_in_native, id=9700, stack(0x000000001ccf0000,0x000000001cdf0000)]
  0x000000001b450800 JavaThread "Image Fetcher 0" daemon [_thread_blocked, id=2516, stack(0x000000001c8f0000,0x000000001c9f0000)]
  0x000000000316e000 JavaThread "DestroyJavaVM" [_thread_blocked, id=11736, stack(0x0000000002f40000,0x0000000003040000)]
  0x000000001b059000 JavaThread "Thread-4" [_thread_blocked, id=12212, stack(0x000000001bc60000,0x000000001bd60000)]
  0x000000001b050800 JavaThread "AWT-EventQueue-0" [_thread_blocked, id=2584, stack(0x000000001bb60000,0x000000001bc60000)]
  0x000000001b04f800 JavaThread "AWT-Windows" daemon [_thread_in_native, id=9972, stack(0x000000001b950000,0x000000001ba50000)]
  0x000000001b04d000 JavaThread "AWT-Shutdown" [_thread_blocked, id=3512, stack(0x000000001b850000,0x000000001b950000)]
  0x000000001b04c000 JavaThread "Java2D Disposer" daemon [_thread_blocked, id=9744, stack(0x000000001b750000,0x000000001b850000)]
  0x000000001a0c8000 JavaThread "Service Thread" daemon [_thread_blocked, id=8732, stack(0x000000001ac10000,0x000000001ad10000)]
  0x000000001a04a000 JavaThread "C1 CompilerThread3" daemon [_thread_blocked, id=8392, stack(0x000000001ab10000,0x000000001ac10000)]
  0x000000001a043800 JavaThread "C2 CompilerThread2" daemon [_thread_blocked, id=10768, stack(0x000000001aa10000,0x000000001ab10000)]
=>0x000000001a03e000 JavaThread "C2 CompilerThread1" daemon [_thread_in_native, id=8316, stack(0x000000001a910000,0x000000001aa10000)]
  0x000000001a038000 JavaThread "C2 CompilerThread0" daemon [_thread_blocked, id=2200, stack(0x000000001a810000,0x000000001a910000)]
  0x000000001a036800 JavaThread "Attach Listener" daemon [_thread_blocked, id=4920, stack(0x000000001a710000,0x000000001a810000)]
  0x000000001a035000 JavaThread "Signal Dispatcher" daemon [_thread_blocked, id=4160, stack(0x000000001a610000,0x000000001a710000)]
  0x000000000314e000 JavaThread "Finalizer" daemon [_thread_blocked, id=7188, stack(0x000000001a410000,0x000000001a510000)]
  0x0000000003145000 JavaThread "Reference Handler" daemon [_thread_blocked, id=8500, stack(0x0000000019f10000,0x000000001a010000)]

Other Threads:
  0x0000000018129000 VMThread [stack: 0x0000000019e10000,0x0000000019f10000] [id=10948]
  0x000000001a0ec800 WatcherThread [stack: 0x000000001ad10000,0x000000001ae10000] [id=4244]

VM state:not at safepoint (normal execution)

VM Mutex/Monitor currently owned by a thread: None

Heap:
 PSYoungGen      total 76288K, used 56032K [0x00000000d5e00000, 0x00000000df300000, 0x0000000100000000)
  eden space 65536K, 85% used [0x00000000d5e00000,0x00000000d94b8130,0x00000000d9e00000)
  from space 10752K, 0% used [0x00000000da880000,0x00000000da880000,0x00000000db300000)
  to   space 10752K, 0% used [0x00000000d9e00000,0x00000000d9e00000,0x00000000da880000)
 ParOldGen       total 199680K, used 41331K [0x0000000081a00000, 0x000000008dd00000, 0x00000000d5e00000)
  object space 199680K, 20% used [0x0000000081a00000,0x000000008425ce20,0x000000008dd00000)
 Metaspace       used 14978K, capacity 15306K, committed 15744K, reserved 1062912K
  class space    used 1780K, capacity 1877K, committed 1920K, reserved 1048576K

Card table byte_map: [0x0000000012530000,0x0000000012930000] byte_map_base: 0x0000000012123000

Marking Bits: (ParMarkBitMap*) 0x000000006d6fa6c0
 Begin Bits: [0x00000000133e0000, 0x0000000015378000)
 End Bits:   [0x0000000015378000, 0x0000000017310000)

Polling page: 0x00000000011f0000

CodeCache: size=245760Kb used=2963Kb max_used=2980Kb free=242796Kb
 bounds [0x0000000003170000, 0x0000000003460000, 0x0000000012170000]
 total_blobs=1296 nmethods=773 adapters=436
 compilation: enabled

Compilation events (10 events):
Event: 11.629 Thread 0x000000001a043800  752       4       java.util.HashMap::hash (20 bytes)
Event: 11.630 Thread 0x000000001a043800 nmethod 752 0x00000000034584d0 code [0x0000000003458600, 0x00000000034586b8]
Event: 11.630 Thread 0x000000001a043800  749       4       java.util.HashMap::get (23 bytes)
Event: 11.630 Thread 0x000000001a04a000 nmethod 770 0x000000000345cbd0 code [0x000000000345ce20, 0x000000000345dce8]
Event: 11.630 Thread 0x000000001a04a000  772       3       java.lang.ref.SoftReference::<init> (13 bytes)
Event: 11.631 Thread 0x000000001a04a000 nmethod 772 0x00000000032936d0 code [0x0000000003293840, 0x0000000003293b30]
Event: 11.631 Thread 0x000000001a038000 nmethod 748 0x0000000003294bd0 code [0x0000000003294da0, 0x0000000003295790]
Event: 11.631 Thread 0x000000001a038000  771       4       java.nio.ByteBufferAsShortBufferB::get (16 bytes)
Event: 11.633 Thread 0x000000001a038000 nmethod 771 0x0000000003294010 code [0x0000000003294160, 0x00000000032942b8]
Event: 11.634 Thread 0x000000001a043800 nmethod 749 0x000000000327ced0 code [0x000000000327d040, 0x000000000327d488]

GC Heap History (6 events):
Event: 6.473 GC heap before
{Heap before GC invocations=1 (full 0):
 PSYoungGen      total 76288K, used 65536K [0x00000000d5e00000, 0x00000000db300000, 0x0000000100000000)
  eden space 65536K, 100% used [0x00000000d5e00000,0x00000000d9e00000,0x00000000d9e00000)
  from space 10752K, 0% used [0x00000000da880000,0x00000000da880000,0x00000000db300000)
  to   space 10752K, 0% used [0x00000000d9e00000,0x00000000d9e00000,0x00000000da880000)
 ParOldGen       total 175104K, used 0K [0x0000000081a00000, 0x000000008c500000, 0x00000000d5e00000)
  object space 175104K, 0% used [0x0000000081a00000,0x0000000081a00000,0x000000008c500000)
 Metaspace       used 11610K, capacity 11888K, committed 12032K, reserved 1060864K
  class space    used 1389K, capacity 1488K, committed 1536K, reserved 1048576K
Event: 6.487 GC heap after
Heap after GC invocations=1 (full 0):
 PSYoungGen      total 76288K, used 2261K [0x00000000d5e00000, 0x00000000db300000, 0x0000000100000000)
  eden space 65536K, 0% used [0x00000000d5e00000,0x00000000d5e00000,0x00000000d9e00000)
  from space 10752K, 21% used [0x00000000d9e00000,0x00000000da0354a0,0x00000000da880000)
  to   space 10752K, 0% used [0x00000000da880000,0x00000000da880000,0x00000000db300000)
 ParOldGen       total 175104K, used 39313K [0x0000000081a00000, 0x000000008c500000, 0x00000000d5e00000)
  object space 175104K, 22% used [0x0000000081a00000,0x0000000084064548,0x000000008c500000)
 Metaspace       used 11610K, capacity 11888K, committed 12032K, reserved 1060864K
  class space    used 1389K, capacity 1488K, committed 1536K, reserved 1048576K
}
Event: 6.691 GC heap before
{Heap before GC invocations=2 (full 0):
 PSYoungGen      total 76288K, used 57256K [0x00000000d5e00000, 0x00000000db300000, 0x0000000100000000)
  eden space 65536K, 83% used [0x00000000d5e00000,0x00000000d93b4d98,0x00000000d9e00000)
  from space 10752K, 21% used [0x00000000d9e00000,0x00000000da0354a0,0x00000000da880000)
  to   space 10752K, 0% used [0x00000000da880000,0x00000000da880000,0x00000000db300000)
 ParOldGen       total 175104K, used 39313K [0x0000000081a00000, 0x000000008c500000, 0x00000000d5e00000)
  object space 175104K, 22% used [0x0000000081a00000,0x0000000084064548,0x000000008c500000)
 Metaspace       used 11616K, capacity 11888K, committed 12032K, reserved 1060864K
  class space    used 1389K, capacity 1488K, committed 1536K, reserved 1048576K
Event: 6.715 GC heap after
Heap after GC invocations=2 (full 0):
 PSYoungGen      total 76288K, used 2197K [0x00000000d5e00000, 0x00000000df300000, 0x0000000100000000)
  eden space 65536K, 0% used [0x00000000d5e00000,0x00000000d5e00000,0x00000000d9e00000)
  from space 10752K, 20% used [0x00000000da880000,0x00000000daaa54a0,0x00000000db300000)
  to   space 10752K, 0% used [0x00000000d9e00000,0x00000000d9e00000,0x00000000da880000)
 ParOldGen       total 175104K, used 117931K [0x0000000081a00000, 0x000000008c500000, 0x00000000d5e00000)
  object space 175104K, 67% used [0x0000000081a00000,0x0000000088d2afd8,0x000000008c500000)
 Metaspace       used 11616K, capacity 11888K, committed 12032K, reserved 1060864K
  class space    used 1389K, capacity 1488K, committed 1536K, reserved 1048576K
}
Event: 6.715 GC heap before
{Heap before GC invocations=3 (full 1):
 PSYoungGen      total 76288K, used 2197K [0x00000000d5e00000, 0x00000000df300000, 0x0000000100000000)
  eden space 65536K, 0% used [0x00000000d5e00000,0x00000000d5e00000,0x00000000d9e00000)
  from space 10752K, 20% used [0x00000000da880000,0x00000000daaa54a0,0x00000000db300000)
  to   space 10752K, 0% used [0x00000000d9e00000,0x00000000d9e00000,0x00000000da880000)
 ParOldGen       total 175104K, used 117931K [0x0000000081a00000, 0x000000008c500000, 0x00000000d5e00000)
  object space 175104K, 67% used [0x0000000081a00000,0x0000000088d2afd8,0x000000008c500000)
 Metaspace       used 11616K, capacity 11888K, committed 12032K, reserved 1060864K
  class space    used 1389K, capacity 1488K, committed 1536K, reserved 1048576K
Event: 6.739 GC heap after
Heap after GC invocations=3 (full 1):
 PSYoungGen      total 76288K, used 0K [0x00000000d5e00000, 0x00000000df300000, 0x0000000100000000)
  eden space 65536K, 0% used [0x00000000d5e00000,0x00000000d5e00000,0x00000000d9e00000)
  from space 10752K, 0% used [0x00000000da880000,0x00000000da880000,0x00000000db300000)
  to   space 10752K, 0% used [0x00000000d9e00000,0x00000000d9e00000,0x00000000da880000)
 ParOldGen       total 199680K, used 41331K [0x0000000081a00000, 0x000000008dd00000, 0x00000000d5e00000)
  object space 199680K, 20% used [0x0000000081a00000,0x000000008425ce20,0x000000008dd00000)
 Metaspace       used 11616K, capacity 11888K, committed 12032K, reserved 1060864K
  class space    used 1389K, capacity 1488K, committed 1536K, reserved 1048576K
}

Deoptimization events (6 events):
Event: 0.252 Thread 0x000000000316e000 Uncommon trap: reason=unstable_if action=reinterpret pc=0x0000000003294f08 method=java.util.zip.ZipFile$ZipFileInputStream.read([BII)I @ 122
Event: 0.252 Thread 0x000000000316e000 Uncommon trap: reason=unstable_if action=reinterpret pc=0x000000000329595c method=java.util.zip.ZipFile$ZipFileInputStream.read([BII)I @ 24
Event: 0.428 Thread 0x000000000316e000 Uncommon trap: reason=unstable_if action=reinterpret pc=0x0000000003298198 method=java.util.zip.ZipFile$ZipFileInputStream.read([BII)I @ 46
Event: 0.973 Thread 0x000000000316e000 Uncommon trap: reason=unstable_if action=reinterpret pc=0x00000000032a2d2c method=com.codename1.impl.javase.ClassPathLoader.findClass(Ljava/lang/String;)Ljava/lang/Class; @ 217
Event: 9.394 Thread 0x000000001b450800 Uncommon trap: reason=unstable_if action=reinterpret pc=0x00000000033c1f2c method=java.io.BufferedInputStream.read([BII)I @ 104
Event: 9.394 Thread 0x000000001b450800 Uncommon trap: reason=unstable_if action=reinterpret pc=0x00000000033b9e64 method=java.io.BufferedInputStream.fill()V @ 9

Internal exceptions (10 events):
Event: 0.043 Thread 0x000000000316e000 Exception <a 'java/lang/NoSuchMethodError': Method sun.misc.Unsafe.defineClass(Ljava/lang/String;[BII)Ljava/lang/Class; name or signature does not match> (0x00000000d5e07c78) thrown at [C:\re\workspace\8-2-build-windows-amd64-cygwin\jdk8u111\7883\hotspot\
Event: 0.043 Thread 0x000000000316e000 Exception <a 'java/lang/NoSuchMethodError': Method sun.misc.Unsafe.prefetchRead(Ljava/lang/Object;J)V name or signature does not match> (0x00000000d5e07f60) thrown at [C:\re\workspace\8-2-build-windows-amd64-cygwin\jdk8u111\7883\hotspot\src\share\vm\prims
Event: 0.173 Thread 0x000000000316e000 Exception <a 'java/security/PrivilegedActionException'> (0x00000000d5ea8f60) thrown at [C:\re\workspace\8-2-build-windows-amd64-cygwin\jdk8u111\7883\hotspot\src\share\vm\prims\jvm.cpp, line 1386]
Event: 0.173 Thread 0x000000000316e000 Exception <a 'java/security/PrivilegedActionException'> (0x00000000d5ea9170) thrown at [C:\re\workspace\8-2-build-windows-amd64-cygwin\jdk8u111\7883\hotspot\src\share\vm\prims\jvm.cpp, line 1386]
Event: 0.174 Thread 0x000000000316e000 Exception <a 'java/security/PrivilegedActionException'> (0x00000000d5ead240) thrown at [C:\re\workspace\8-2-build-windows-amd64-cygwin\jdk8u111\7883\hotspot\src\share\vm\prims\jvm.cpp, line 1386]
Event: 0.174 Thread 0x000000000316e000 Exception <a 'java/security/PrivilegedActionException'> (0x00000000d5ead450) thrown at [C:\re\workspace\8-2-build-windows-amd64-cygwin\jdk8u111\7883\hotspot\src\share\vm\prims\jvm.cpp, line 1386]
Event: 1.115 Thread 0x000000000316e000 Exception <a 'java/io/FileNotFoundException'> (0x00000000d64941a0) thrown at [C:\re\workspace\8-2-build-windows-amd64-cygwin\jdk8u111\7883\hotspot\src\share\vm\prims\jni.cpp, line 709]
Event: 1.168 Thread 0x000000000316e000 Exception <a 'java/lang/NoSuchFieldError': method resolution failed> (0x00000000d6561228) thrown at [C:\re\workspace\8-2-build-windows-amd64-cygwin\jdk8u111\7883\hotspot\src\share\vm\prims\methodHandles.cpp, line 1146]
Event: 1.171 Thread 0x000000000316e000 Exception <a 'java/lang/NoSuchFieldError': method resolution failed> (0x00000000d656e9c8) thrown at [C:\re\workspace\8-2-build-windows-amd64-cygwin\jdk8u111\7883\hotspot\src\share\vm\prims\methodHandles.cpp, line 1146]
Event: 5.513 Thread 0x000000001b050800 Exception <a 'java/io/FileNotFoundException'> (0x00000000d8111d20) thrown at [C:\re\workspace\8-2-build-windows-amd64-cygwin\jdk8u111\7883\hotspot\src\share\vm\prims\jni.cpp, line 709]

Events (10 events):
Event: 11.630 Thread 0x000000001a04a000 flushing nmethod 0x0000000003294010
Event: 11.630 Thread 0x000000001a04a000 flushing nmethod 0x0000000003294950
Event: 11.630 Thread 0x000000001a04a000 flushing nmethod 0x00000000032954d0
Event: 11.630 Thread 0x000000001a04a000 flushing nmethod 0x0000000003296410
Event: 11.630 Thread 0x000000001a04a000 flushing nmethod 0x0000000003297c90
Event: 11.630 Thread 0x000000001a04a000 flushing nmethod 0x000000000329a4d0
Event: 11.630 Thread 0x000000001a04a000 flushing nmethod 0x00000000032a2350
Event: 11.630 Thread 0x000000001a04a000 flushing nmethod 0x00000000032a3a50
Event: 11.631 Thread 0x000000001a04a000 flushing nmethod 0x00000000032b1a90
Event: 11.631 Thread 0x000000001a04a000 flushing nmethod 0x00000000032b1f10


Dynamic libraries:
0x00007ff65fdc0000 - 0x00007ff65fdf7000 	C:\Program Files\Java\jdk1.8.0_111\jre\bin\java.exe
0x00007ffa657c0000 - 0x00007ffa659b0000 	C:\WINDOWS\SYSTEM32\ntdll.dll
0x00007ffa65660000 - 0x00007ffa65712000 	C:\WINDOWS\System32\KERNEL32.DLL
0x00007ffa62a70000 - 0x00007ffa62d14000 	C:\WINDOWS\System32\KERNELBASE.dll
0x00007ffa64000000 - 0x00007ffa640a3000 	C:\WINDOWS\System32\ADVAPI32.dll
0x00007ffa640b0000 - 0x00007ffa6414e000 	C:\WINDOWS\System32\msvcrt.dll
0x00007ffa63f60000 - 0x00007ffa63ff7000 	C:\WINDOWS\System32\sechost.dll
0x00007ffa64e90000 - 0x00007ffa64fb0000 	C:\WINDOWS\System32\RPCRT4.dll
0x00007ffa64cf0000 - 0x00007ffa64e84000 	C:\WINDOWS\System32\USER32.dll
0x00007ffa62a20000 - 0x00007ffa62a41000 	C:\WINDOWS\System32\win32u.dll
0x00007ffa64fb0000 - 0x00007ffa64fd6000 	C:\WINDOWS\System32\GDI32.dll
0x00007ffa63580000 - 0x00007ffa63714000 	C:\WINDOWS\System32\gdi32full.dll
0x00007ffa63780000 - 0x00007ffa6381e000 	C:\WINDOWS\System32\msvcp_win.dll
0x00007ffa62920000 - 0x00007ffa62a1a000 	C:\WINDOWS\System32\ucrtbase.dll
0x00007ffa564d0000 - 0x00007ffa56754000 	C:\WINDOWS\WinSxS\amd64_microsoft.windows.common-controls_6595b64144ccf1df_6.0.18362.836_none_e6c4b943130f18ed\COMCTL32.dll
0x00007ffa65060000 - 0x00007ffa65396000 	C:\WINDOWS\System32\combase.dll
0x00007ffa628a0000 - 0x00007ffa62920000 	C:\WINDOWS\System32\bcryptPrimitives.dll
0x00007ffa65480000 - 0x00007ffa654ae000 	C:\WINDOWS\System32\IMM32.DLL
0x000000006f6a0000 - 0x000000006f772000 	C:\Program Files\Java\jdk1.8.0_111\jre\bin\msvcr100.dll
0x000000006cee0000 - 0x000000006d77a000 	C:\Program Files\Java\jdk1.8.0_111\jre\bin\server\jvm.dll
0x00007ffa64260000 - 0x00007ffa64268000 	C:\WINDOWS\System32\PSAPI.DLL
0x00007ffa61210000 - 0x00007ffa61219000 	C:\WINDOWS\SYSTEM32\WSOCK32.dll
0x00007ffa5fce0000 - 0x00007ffa5fd04000 	C:\WINDOWS\SYSTEM32\WINMM.dll
0x00007ffa5d840000 - 0x00007ffa5d84a000 	C:\WINDOWS\SYSTEM32\VERSION.dll
0x00007ffa653a0000 - 0x00007ffa6540f000 	C:\WINDOWS\System32\WS2_32.dll
0x00007ffa5fcb0000 - 0x00007ffa5fcdd000 	C:\WINDOWS\SYSTEM32\WINMMBASE.dll
0x00007ffa63820000 - 0x00007ffa6386a000 	C:\WINDOWS\System32\cfgmgr32.dll
0x000000006f650000 - 0x000000006f65f000 	C:\Program Files\Java\jdk1.8.0_111\jre\bin\verify.dll
0x000000006f620000 - 0x000000006f649000 	C:\Program Files\Java\jdk1.8.0_111\jre\bin\java.dll
0x000000006f600000 - 0x000000006f616000 	C:\Program Files\Java\jdk1.8.0_111\jre\bin\zip.dll
0x00007ffa64520000 - 0x00007ffa64c04000 	C:\WINDOWS\System32\SHELL32.dll
0x00007ffa641b0000 - 0x00007ffa64259000 	C:\WINDOWS\System32\shcore.dll
0x00007ffa62e00000 - 0x00007ffa6357e000 	C:\WINDOWS\System32\windows.storage.dll
0x00007ffa62690000 - 0x00007ffa626b3000 	C:\WINDOWS\System32\profapi.dll
0x00007ffa62700000 - 0x00007ffa6274a000 	C:\WINDOWS\System32\powrprof.dll
0x00007ffa62680000 - 0x00007ffa62690000 	C:\WINDOWS\System32\UMPDC.dll
0x00007ffa65720000 - 0x00007ffa65772000 	C:\WINDOWS\System32\shlwapi.dll
0x00007ffa626e0000 - 0x00007ffa626f1000 	C:\WINDOWS\System32\kernel.appcore.dll
0x00007ffa62a50000 - 0x00007ffa62a67000 	C:\WINDOWS\System32\cryptsp.dll
0x000000006f5e0000 - 0x000000006f5fa000 	C:\Program Files\Java\jdk1.8.0_111\jre\bin\net.dll
0x00007ffa61e90000 - 0x00007ffa61ef7000 	C:\WINDOWS\system32\mswsock.dll
0x000000006cd40000 - 0x000000006ced8000 	C:\Program Files\Java\jdk1.8.0_111\jre\bin\awt.dll
0x00007ffa65580000 - 0x00007ffa65644000 	C:\WINDOWS\System32\OLEAUT32.dll
0x00007ffa60440000 - 0x00007ffa604cf000 	C:\WINDOWS\SYSTEM32\apphelp.dll
0x00007ffa605f0000 - 0x00007ffa60689000 	C:\WINDOWS\system32\uxtheme.dll
0x00007ffa643e0000 - 0x00007ffa64516000 	C:\WINDOWS\System32\MSCTF.dll
0x00007ffa64270000 - 0x00007ffa643c7000 	C:\WINDOWS\System32\ole32.dll
0x00007ffa60c10000 - 0x00007ffa60c3d000 	C:\WINDOWS\system32\DWMAPI.DLL
0x00007ffa61a00000 - 0x00007ffa61a33000 	C:\WINDOWS\system32\rsaenh.dll
0x00007ffa62d20000 - 0x00007ffa62d46000 	C:\WINDOWS\System32\bcrypt.dll
0x00007ffa625a0000 - 0x00007ffa625c5000 	C:\WINDOWS\SYSTEM32\USERENV.dll
0x00007ffa62060000 - 0x00007ffa6206c000 	C:\WINDOWS\SYSTEM32\CRYPTBASE.dll
0x00007ffa61ba0000 - 0x00007ffa61bda000 	C:\WINDOWS\SYSTEM32\IPHLPAPI.DLL
0x00007ffa65650000 - 0x00007ffa65658000 	C:\WINDOWS\System32\NSI.dll
0x00007ffa5b730000 - 0x00007ffa5b746000 	C:\WINDOWS\SYSTEM32\dhcpcsvc6.DLL
0x00007ffa5bf70000 - 0x00007ffa5bf8c000 	C:\WINDOWS\SYSTEM32\dhcpcsvc.DLL
0x00007ffa61bf0000 - 0x00007ffa61cbb000 	C:\WINDOWS\SYSTEM32\DNSAPI.dll
0x000000006f5c0000 - 0x000000006f5d1000 	C:\Program Files\Java\jdk1.8.0_111\jre\bin\nio.dll
0x000000006f570000 - 0x000000006f5b7000 	C:\Program Files\Java\jdk1.8.0_111\jre\bin\fontmanager.dll
0x000000006f520000 - 0x000000006f562000 	C:\Program Files\Java\jdk1.8.0_111\jre\bin\t2k.dll
0x00007ffa58c20000 - 0x00007ffa58cbe000 	C:\WINDOWS\System32\TextInputFramework.dll
0x00007ffa5ca50000 - 0x00007ffa5cd7a000 	C:\WINDOWS\System32\CoreUIComponents.dll
0x00007ffa5ecf0000 - 0x00007ffa5edc4000 	C:\WINDOWS\System32\CoreMessaging.dll
0x00007ffa61680000 - 0x00007ffa616b1000 	C:\WINDOWS\SYSTEM32\ntmarta.dll
0x00007ffa5e290000 - 0x00007ffa5e3e3000 	C:\WINDOWS\SYSTEM32\wintypes.dll
0x00007ffa58910000 - 0x00007ffa58bb6000 	C:\WINDOWS\System32\iertutil.dll

VM Arguments:
jvm_args: -Dfile.encoding=UTF-8 -Xms256m 
java_command: com.codename1.impl.javase.Simulator com.mycompany.myapp.MyApplication
java_class_path (initial): C:\Users\ASUS X550V\Documents\GitHub\DebboPiMobile\JavaSE.jar;C:\Users\ASUS X550V\Documents\GitHub\DebboPiMobile\lib\CLDC11.jar;C:\Users\ASUS X550V\Documents\GitHub\DebboPiMobile\lib\CodenameOne.jar;C:\Users\ASUS X550V\Documents\GitHub\DebboPiMobile\lib\CodenameOne_SRC.zip;C:\Users\ASUS X550V\Documents\GitHub\DebboPiMobile\lib\impl\cls;C:\Users\ASUS X550V\Documents\GitHub\DebboPiMobile\lib\impl\stubs;C:\Users\ASUS X550V\Documents\GitHub\DebboPiMobile\build\classes;C:\Users\ASUS X550V\Documents\GitHub\DebboPiMobile\native\internal_tmp
Launcher Type: SUN_STANDARD

Environment Variables:
JAVA_HOME=C:\Program Files\Java\jdk1.8.0_144
PATH=C:\Program Files (x86)\Common Files\Oracle\Java\javapath;C:\oraclexe\app\oracle\product\11.2.0\server\bin;C:\ProgramData\Oracle\Java\javapath;C:\Windows\system32;C:\Windows;C:\Windows\System32\Wbem;C:\Windows\System32\WindowsPowerShell\v1.0\;C:\Program Files (x86)\NVIDIA Corporation\PhysX\Common;C:\WINDOWS\system32;C:\WINDOWS;C:\WINDOWS\System32\Wbem;C:\WINDOWS\System32\WindowsPowerShell\v1.0\;C:\Program Files\Java\jdk1.8.0_144\bin;C:\Program Files\Java\jdk-9.0.1;C:\WINDOWS\System32\OpenSSH\;C:\Program Files\nodejs\;C:\Users\ASUS X550V\AppData\Local\Android\Sdk\tools;C:\Users\ASUS X550V\AppData\Local\Android\Sdk\platform-tools;C:\Users\ASUS X550V\AppData\Local\Android\Sdk\platforms;C:\platform-tools;C:\Program Files\NVIDIA Corporation\NVIDIA NvDLISR;C:\Program Files (x86)\Brackets\command;C:\wamp64\bin\php\php5.6.40;C:\WINDOWS\system32;C:\WINDOWS;C:\WINDOWS\System32\Wbem;C:\WINDOWS\System32\WindowsPowerShell\v1.0\;C:\WINDOWS\System32\OpenSSH\;C:\Program Files\Git\cmd;C:\Users\ASUS X550V\AppData\Local\Microsoft\WindowsApps;C:\Users\ASUS X550V\AppData\Local\Programs\MiKTeX 2.9\miktex\bin\x64\;C:\Users\ASUS X550V\AppData\Local\Google\Cloud SDK\google-cloud-sdk\bin;C:\Users\ASUS X550V\AppData\Roaming\npm;C:\Users\ASUS X550V\AppData\Local\Programs\Microsoft VS Code\bin;C:\Users\ASUS X550V\AppData\Local\GitHubDesktop\bin;C:\Users\ASUS X550V\AppData\Local\Microsoft\WindowsApps;C:\Users\ASUS X550V\composer;C:\Users\ASUS X550V\AppData\Roaming\Composer\vendor\bin
USERNAME=ASUS X550V
OS=Windows_NT
PROCESSOR_IDENTIFIER=Intel64 Family 6 Model 94 Stepping 3, GenuineIntel



---------------  S Y S T E M  ---------------

OS: Windows 10.0 , 64 bit Build 18362 (10.0.18362.778)

CPU:total 8 (4 cores per cpu, 2 threads per core) family 6 model 94 stepping 3, cmov, cx8, fxsr, mmx, sse, sse2, sse3, ssse3, sse4.1, sse4.2, popcnt, avx, avx2, aes, clmul, erms, rtm, 3dnowpref, lzcnt, ht, tsc, tscinvbit, bmi1, bmi2, adx

Memory: 4k page, physical 8278792k(1428156k free), swap 10230536k(3224k free)

vm_info: Java HotSpot(TM) 64-Bit Server VM (25.111-b14) for windows-amd64 JRE (1.8.0_111-b14), built on Sep 22 2016 19:24:05 by "java_re" with MS VC++ 10.0 (VS2010)

time: Tue May 19 21:58:22 2020
elapsed time: 11 seconds (0d 0h 0m 11s)

