#
# There is insufficient memory for the Java Runtime Environment to continue.
# Native memory allocation (malloc) failed to allocate 32744 bytes for ChunkPool::allocate
# Possible reasons:
#   The system is out of physical RAM or swap space
#   In 32 bit mode, the process size limit was hit
# Possible solutions:
#   Reduce memory load on the system
#   Increase physical memory or swap space
#   Check if swap backing store is full
#   Use 64 bit Java on a 64 bit OS
#   Decrease Java heap size (-Xmx/-Xms)
#   Decrease number of Java threads
#   Decrease Java thread stack sizes (-Xss)
#   Set larger code cache with -XX:ReservedCodeCacheSize=
# This output file may be truncated or incomplete.
#
#  Out of Memory Error (allocation.cpp:273), pid=11404, tid=0x0000000000002044
#
# JRE version: Java(TM) SE Runtime Environment (8.0_111-b14) (build 1.8.0_111-b14)
# Java VM: Java HotSpot(TM) 64-Bit Server VM (25.111-b14 mixed mode windows-amd64 compressed oops)
# Failed to write core dump. Minidumps are not enabled by default on client versions of Windows
#

---------------  T H R E A D  ---------------

Current thread (0x000000001947f000):  JavaThread "C1 CompilerThread3" daemon [_thread_in_native, id=8260, stack(0x0000000019f40000,0x000000001a040000)]

Stack: [0x0000000019f40000,0x000000001a040000]
[error occurred during error reporting (printing stack bounds), id 0xc0000005]

Native frames: (J=compiled Java code, j=interpreted, Vv=VM code, C=native code)


Current CompileTask:
C1:  28936 1783   !   3       java.awt.DefaultKeyboardFocusManager::dispatchEvent (1589 bytes)


---------------  P R O C E S S  ---------------

Java Threads: ( => current thread )
  0x000000001a4a8800 JavaThread "Thread-10" [_thread_blocked, id=9416, stack(0x000000001e020000,0x000000001e120000)]
  0x000000001a4a9800 JavaThread "TimerQueue" daemon [_thread_blocked, id=13232, stack(0x000000001e120000,0x000000001e220000)]
  0x000000001953d800 JavaThread "Network Thread" [_thread_blocked, id=8828, stack(0x000000001bc40000,0x000000001bd40000)]
  0x000000001ab0e000 JavaThread "Network Thread" [_thread_blocked, id=4304, stack(0x000000001bb40000,0x000000001bc40000)]
  0x000000001a795800 JavaThread "EDT" [_thread_blocked, id=8796, stack(0x000000001c250000,0x000000001c350000)]
  0x000000000243e000 JavaThread "DestroyJavaVM" [_thread_blocked, id=11500, stack(0x00000000022f0000,0x00000000023f0000)]
  0x000000001a4a1800 JavaThread "Thread-4" [_thread_blocked, id=12548, stack(0x000000001b130000,0x000000001b230000)]
  0x000000001a49d000 JavaThread "AWT-EventQueue-0" [_thread_blocked, id=1452, stack(0x000000001b030000,0x000000001b130000)]
  0x000000001a49b800 JavaThread "AWT-Windows" daemon [_thread_in_native, id=11864, stack(0x000000001ad80000,0x000000001ae80000)]
  0x000000001a499000 JavaThread "AWT-Shutdown" [_thread_blocked, id=13084, stack(0x000000001ac80000,0x000000001ad80000)]
  0x000000001a498000 JavaThread "Java2D Disposer" daemon [_thread_blocked, id=10032, stack(0x000000001ab80000,0x000000001ac80000)]
  0x000000001949a800 JavaThread "Service Thread" daemon [_thread_blocked, id=11480, stack(0x000000001a040000,0x000000001a140000)]
=>0x000000001947f000 JavaThread "C1 CompilerThread3" daemon [_thread_in_native, id=8260, stack(0x0000000019f40000,0x000000001a040000)]
  0x0000000019477800 JavaThread "C2 CompilerThread2" daemon [_thread_blocked, id=8228, stack(0x0000000019e40000,0x0000000019f40000)]
  0x0000000019475800 JavaThread "C2 CompilerThread1" daemon [_thread_blocked, id=9676, stack(0x0000000019d40000,0x0000000019e40000)]
  0x0000000019469000 JavaThread "C2 CompilerThread0" daemon [_thread_blocked, id=4760, stack(0x0000000019c40000,0x0000000019d40000)]
  0x0000000019468000 JavaThread "Attach Listener" daemon [_thread_blocked, id=7652, stack(0x0000000019b40000,0x0000000019c40000)]
  0x0000000019467000 JavaThread "Signal Dispatcher" daemon [_thread_blocked, id=4808, stack(0x0000000019a40000,0x0000000019b40000)]
  0x00000000025e9000 JavaThread "Finalizer" daemon [_thread_blocked, id=7124, stack(0x0000000019840000,0x0000000019940000)]
  0x00000000025e6000 JavaThread "Reference Handler" daemon [_thread_blocked, id=8152, stack(0x0000000019340000,0x0000000019440000)]

Other Threads:
  0x0000000017579000 VMThread [stack: 0x0000000019240000,0x0000000019340000] [id=8428]
  0x000000001949d800 WatcherThread [stack: 0x000000001a140000,0x000000001a240000] [id=1408]

VM state:not at safepoint (normal execution)

VM Mutex/Monitor currently owned by a thread: None

Heap:
 PSYoungGen      total 76288K, used 34545K [0x00000000d5e00000, 0x00000000ded00000, 0x0000000100000000)
  eden space 65536K, 43% used [0x00000000d5e00000,0x00000000d79c4010,0x00000000d9e00000)
  from space 10752K, 56% used [0x00000000d9e00000,0x00000000da3f8660,0x00000000da880000)
  to   space 10752K, 0% used [0x00000000de280000,0x00000000de280000,0x00000000ded00000)
 ParOldGen       total 200704K, used 80641K [0x0000000081a00000, 0x000000008de00000, 0x00000000d5e00000)
  object space 200704K, 40% used [0x0000000081a00000,0x00000000868c0740,0x000000008de00000)
 Metaspace       used 17822K, capacity 18154K, committed 18432K, reserved 1064960K
  class space    used 2155K, capacity 2266K, committed 2304K, reserved 1048576K

Card table byte_map: [0x00000000119b0000,0x0000000011db0000] byte_map_base: 0x00000000115a3000

Marking Bits: (ParMarkBitMap*) 0x000000005d26a6c0
 Begin Bits: [0x0000000012860000, 0x00000000147f8000)
 End Bits:   [0x00000000147f8000, 0x0000000016790000)

Polling page: 0x00000000023f0000

CodeCache: size=245760Kb used=5168Kb max_used=5168Kb free=240591Kb
 bounds [0x00000000025f0000, 0x0000000002b10000, 0x00000000115f0000]
 total_blobs=2225 nmethods=1661 adapters=476
 compilation: enabled

Compilation events (10 events):
Event: 28.414 Thread 0x000000001947f000 nmethod 1777 0x0000000002afe310 code [0x0000000002afe520, 0x0000000002afef58]
Event: 28.414 Thread 0x000000001947f000 1778       3       sun.reflect.UnsafeBooleanFieldAccessorImpl::setBoolean (30 bytes)
Event: 28.414 Thread 0x000000001947f000 nmethod 1778 0x0000000002aff390 code [0x0000000002aff5a0, 0x0000000002b00458]
Event: 28.553 Thread 0x000000001947f000 1780   !   3       sun.awt.AWTAutoShutdown::notifyThreadBusy (88 bytes)
Event: 28.553 Thread 0x000000001947f000 nmethod 1780 0x0000000002b00a90 code [0x0000000002b00c40, 0x0000000002b013d8]
Event: 28.774 Thread 0x000000001947f000 1781       1       java.awt.geom.AffineTransform::getScaleY (5 bytes)
Event: 28.774 Thread 0x000000001947f000 nmethod 1781 0x0000000002b01750 code [0x0000000002b018a0, 0x0000000002b019b0]
Event: 28.778 Thread 0x000000001947f000 1782       1       java.awt.event.InvocationEvent::isDispatched (5 bytes)
Event: 28.778 Thread 0x000000001947f000 nmethod 1782 0x0000000002b01a10 code [0x0000000002b01b60, 0x0000000002b01c70]
Event: 28.800 Thread 0x000000001947f000 1783   !   3       java.awt.DefaultKeyboardFocusManager::dispatchEvent (1589 bytes)

GC Heap History (8 events):
Event: 5.330 GC heap before
{Heap before GC invocations=1 (full 0):
 PSYoungGen      total 76288K, used 65536K [0x00000000d5e00000, 0x00000000db300000, 0x0000000100000000)
  eden space 65536K, 100% used [0x00000000d5e00000,0x00000000d9e00000,0x00000000d9e00000)
  from space 10752K, 0% used [0x00000000da880000,0x00000000da880000,0x00000000db300000)
  to   space 10752K, 0% used [0x00000000d9e00000,0x00000000d9e00000,0x00000000da880000)
 ParOldGen       total 175104K, used 0K [0x0000000081a00000, 0x000000008c500000, 0x00000000d5e00000)
  object space 175104K, 0% used [0x0000000081a00000,0x0000000081a00000,0x000000008c500000)
 Metaspace       used 11603K, capacity 11886K, committed 12032K, reserved 1060864K
  class space    used 1394K, capacity 1486K, committed 1536K, reserved 1048576K
Event: 5.343 GC heap after
Heap after GC invocations=1 (full 0):
 PSYoungGen      total 76288K, used 2197K [0x00000000d5e00000, 0x00000000db300000, 0x0000000100000000)
  eden space 65536K, 0% used [0x00000000d5e00000,0x00000000d5e00000,0x00000000d9e00000)
  from space 10752K, 20% used [0x00000000d9e00000,0x00000000da0254a0,0x00000000da880000)
  to   space 10752K, 0% used [0x00000000da880000,0x00000000da880000,0x00000000db300000)
 ParOldGen       total 175104K, used 39313K [0x0000000081a00000, 0x000000008c500000, 0x00000000d5e00000)
  object space 175104K, 22% used [0x0000000081a00000,0x0000000084064548,0x000000008c500000)
 Metaspace       used 11603K, capacity 11886K, committed 12032K, reserved 1060864K
  class space    used 1394K, capacity 1486K, committed 1536K, reserved 1048576K
}
Event: 5.493 GC heap before
{Heap before GC invocations=2 (full 0):
 PSYoungGen      total 76288K, used 57191K [0x00000000d5e00000, 0x00000000db300000, 0x0000000100000000)
  eden space 65536K, 83% used [0x00000000d5e00000,0x00000000d93b4ab8,0x00000000d9e00000)
  from space 10752K, 20% used [0x00000000d9e00000,0x00000000da0254a0,0x00000000da880000)
  to   space 10752K, 0% used [0x00000000da880000,0x00000000da880000,0x00000000db300000)
 ParOldGen       total 175104K, used 39313K [0x0000000081a00000, 0x000000008c500000, 0x00000000d5e00000)
  object space 175104K, 22% used [0x0000000081a00000,0x0000000084064548,0x000000008c500000)
 Metaspace       used 11609K, capacity 11886K, committed 12032K, reserved 1060864K
  class space    used 1394K, capacity 1486K, committed 1536K, reserved 1048576K
Event: 5.509 GC heap after
Heap after GC invocations=2 (full 0):
 PSYoungGen      total 76288K, used 2213K [0x00000000d5e00000, 0x00000000df300000, 0x0000000100000000)
  eden space 65536K, 0% used [0x00000000d5e00000,0x00000000d5e00000,0x00000000d9e00000)
  from space 10752K, 20% used [0x00000000da880000,0x00000000daaa9490,0x00000000db300000)
  to   space 10752K, 0% used [0x00000000d9e00000,0x00000000d9e00000,0x00000000da880000)
 ParOldGen       total 175104K, used 117931K [0x0000000081a00000, 0x000000008c500000, 0x00000000d5e00000)
  object space 175104K, 67% used [0x0000000081a00000,0x0000000088d2afd8,0x000000008c500000)
 Metaspace       used 11609K, capacity 11886K, committed 12032K, reserved 1060864K
  class space    used 1394K, capacity 1486K, committed 1536K, reserved 1048576K
}
Event: 5.509 GC heap before
{Heap before GC invocations=3 (full 1):
 PSYoungGen      total 76288K, used 2213K [0x00000000d5e00000, 0x00000000df300000, 0x0000000100000000)
  eden space 65536K, 0% used [0x00000000d5e00000,0x00000000d5e00000,0x00000000d9e00000)
  from space 10752K, 20% used [0x00000000da880000,0x00000000daaa9490,0x00000000db300000)
  to   space 10752K, 0% used [0x00000000d9e00000,0x00000000d9e00000,0x00000000da880000)
 ParOldGen       total 175104K, used 117931K [0x0000000081a00000, 0x000000008c500000, 0x00000000d5e00000)
  object space 175104K, 67% used [0x0000000081a00000,0x0000000088d2afd8,0x000000008c500000)
 Metaspace       used 11609K, capacity 11886K, committed 12032K, reserved 1060864K
  class space    used 1394K, capacity 1486K, committed 1536K, reserved 1048576K
Event: 5.530 GC heap after
Heap after GC invocations=3 (full 1):
 PSYoungGen      total 76288K, used 0K [0x00000000d5e00000, 0x00000000df300000, 0x0000000100000000)
  eden space 65536K, 0% used [0x00000000d5e00000,0x00000000d5e00000,0x00000000d9e00000)
  from space 10752K, 0% used [0x00000000da880000,0x00000000da880000,0x00000000db300000)
  to   space 10752K, 0% used [0x00000000d9e00000,0x00000000d9e00000,0x00000000da880000)
 ParOldGen       total 200704K, used 41328K [0x0000000081a00000, 0x000000008de00000, 0x00000000d5e00000)
  object space 200704K, 20% used [0x0000000081a00000,0x000000008425c1f8,0x000000008de00000)
 Metaspace       used 11609K, capacity 11886K, committed 12032K, reserved 1060864K
  class space    used 1394K, capacity 1486K, committed 1536K, reserved 1048576K
}
Event: 9.980 GC heap before
{Heap before GC invocations=4 (full 1):
 PSYoungGen      total 76288K, used 65536K [0x00000000d5e00000, 0x00000000df300000, 0x0000000100000000)
  eden space 65536K, 100% used [0x00000000d5e00000,0x00000000d9e00000,0x00000000d9e00000)
  from space 10752K, 0% used [0x00000000da880000,0x00000000da880000,0x00000000db300000)
  to   space 10752K, 0% used [0x00000000d9e00000,0x00000000d9e00000,0x00000000da880000)
 ParOldGen       total 200704K, used 41328K [0x0000000081a00000, 0x000000008de00000, 0x00000000d5e00000)
  object space 200704K, 20% used [0x0000000081a00000,0x000000008425c1f8,0x000000008de00000)
 Metaspace       used 15127K, capacity 15432K, committed 15744K, reserved 1062912K
  class space    used 1789K, capacity 1875K, committed 1920K, reserved 1048576K
Event: 9.992 GC heap after
Heap after GC invocations=4 (full 1):
 PSYoungGen      total 76288K, used 6113K [0x00000000d5e00000, 0x00000000ded00000, 0x0000000100000000)
  eden space 65536K, 0% used [0x00000000d5e00000,0x00000000d5e00000,0x00000000d9e00000)
  from space 10752K, 56% used [0x00000000d9e00000,0x00000000da3f8660,0x00000000da880000)
  to   space 10752K, 0% used [0x00000000de280000,0x00000000de280000,0x00000000ded00000)
 ParOldGen       total 200704K, used 80641K [0x0000000081a00000, 0x000000008de00000, 0x00000000d5e00000)
  object space 200704K, 40% used [0x0000000081a00000,0x00000000868c0740,0x000000008de00000)
 Metaspace       used 15127K, capacity 15432K, committed 15744K, reserved 1062912K
  class space    used 1789K, capacity 1875K, committed 1920K, reserved 1048576K
}

Deoptimization events (10 events):
Event: 15.725 Thread 0x000000001a795800 Uncommon trap: reason=bimorphic action=maybe_recompile pc=0x00000000028dee94 method=java.util.HashMap.getNode(ILjava/lang/Object;)Ljava/util/HashMap$Node; @ 126
Event: 15.725 Thread 0x000000001a795800 Uncommon trap: reason=bimorphic action=maybe_recompile pc=0x00000000028dee94 method=java.util.HashMap.getNode(ILjava/lang/Object;)Ljava/util/HashMap$Node; @ 126
Event: 19.589 Thread 0x000000001a49d000 Uncommon trap: reason=unstable_if action=reinterpret pc=0x0000000002a5f00c method=java.awt.Component.inside(II)Z @ 13
Event: 21.625 Thread 0x000000001a49d000 Uncommon trap: reason=class_check action=maybe_recompile pc=0x00000000027210f0 method=java.lang.String.equals(Ljava/lang/Object;)Z @ 8
Event: 21.625 Thread 0x000000001a49d000 Uncommon trap: reason=class_check action=maybe_recompile pc=0x00000000027210f0 method=java.lang.String.equals(Ljava/lang/Object;)Z @ 8
Event: 21.634 Thread 0x000000001a49d000 Uncommon trap: reason=unstable_if action=reinterpret pc=0x0000000002a24bac method=sun.java2d.SunGraphics2D.setRenderingHint(Ljava/awt/RenderingHints$Key;Ljava/lang/Object;)V @ 286
Event: 21.890 Thread 0x000000001a49d000 Uncommon trap: reason=class_check action=maybe_recompile pc=0x00000000027210f0 method=java.lang.String.equals(Ljava/lang/Object;)Z @ 8
Event: 21.891 Thread 0x000000001a49d000 Uncommon trap: reason=class_check action=maybe_recompile pc=0x00000000027210f0 method=java.lang.String.equals(Ljava/lang/Object;)Z @ 8
Event: 22.384 Thread 0x000000001a49d000 Uncommon trap: reason=bimorphic action=maybe_recompile pc=0x00000000028dee94 method=java.util.HashMap.getNode(ILjava/lang/Object;)Ljava/util/HashMap$Node; @ 126
Event: 22.632 Thread 0x000000001a49d000 Uncommon trap: reason=bimorphic action=maybe_recompile pc=0x00000000028dee94 method=java.util.HashMap.getNode(ILjava/lang/Object;)Ljava/util/HashMap$Node; @ 126

Internal exceptions (10 events):
Event: 0.059 Thread 0x000000000243e000 Exception <a 'java/lang/NoSuchMethodError': Method sun.misc.Unsafe.defineClass(Ljava/lang/String;[BII)Ljava/lang/Class; name or signature does not match> (0x00000000d5e07c78) thrown at [C:\re\workspace\8-2-build-windows-amd64-cygwin\jdk8u111\7883\hotspot\
Event: 0.059 Thread 0x000000000243e000 Exception <a 'java/lang/NoSuchMethodError': Method sun.misc.Unsafe.prefetchRead(Ljava/lang/Object;J)V name or signature does not match> (0x00000000d5e07f60) thrown at [C:\re\workspace\8-2-build-windows-amd64-cygwin\jdk8u111\7883\hotspot\src\share\vm\prims
Event: 0.131 Thread 0x000000000243e000 Exception <a 'java/security/PrivilegedActionException'> (0x00000000d5ea8f60) thrown at [C:\re\workspace\8-2-build-windows-amd64-cygwin\jdk8u111\7883\hotspot\src\share\vm\prims\jvm.cpp, line 1386]
Event: 0.131 Thread 0x000000000243e000 Exception <a 'java/security/PrivilegedActionException'> (0x00000000d5ea9170) thrown at [C:\re\workspace\8-2-build-windows-amd64-cygwin\jdk8u111\7883\hotspot\src\share\vm\prims\jvm.cpp, line 1386]
Event: 0.131 Thread 0x000000000243e000 Exception <a 'java/security/PrivilegedActionException'> (0x00000000d5ead240) thrown at [C:\re\workspace\8-2-build-windows-amd64-cygwin\jdk8u111\7883\hotspot\src\share\vm\prims\jvm.cpp, line 1386]
Event: 0.131 Thread 0x000000000243e000 Exception <a 'java/security/PrivilegedActionException'> (0x00000000d5ead450) thrown at [C:\re\workspace\8-2-build-windows-amd64-cygwin\jdk8u111\7883\hotspot\src\share\vm\prims\jvm.cpp, line 1386]
Event: 0.884 Thread 0x000000000243e000 Exception <a 'java/io/FileNotFoundException'> (0x00000000d64941a0) thrown at [C:\re\workspace\8-2-build-windows-amd64-cygwin\jdk8u111\7883\hotspot\src\share\vm\prims\jni.cpp, line 709]
Event: 0.926 Thread 0x000000000243e000 Exception <a 'java/lang/NoSuchFieldError': method resolution failed> (0x00000000d6561228) thrown at [C:\re\workspace\8-2-build-windows-amd64-cygwin\jdk8u111\7883\hotspot\src\share\vm\prims\methodHandles.cpp, line 1146]
Event: 0.927 Thread 0x000000000243e000 Exception <a 'java/lang/NoSuchFieldError': method resolution failed> (0x00000000d656e9c8) thrown at [C:\re\workspace\8-2-build-windows-amd64-cygwin\jdk8u111\7883\hotspot\src\share\vm\prims\methodHandles.cpp, line 1146]
Event: 4.582 Thread 0x000000001a49d000 Exception <a 'java/io/FileNotFoundException'> (0x00000000d8111d08) thrown at [C:\re\workspace\8-2-build-windows-amd64-cygwin\jdk8u111\7883\hotspot\src\share\vm\prims\jni.cpp, line 709]

Events (10 events):
Event: 22.712 Executing VM operation: BulkRevokeBias
Event: 22.713 Executing VM operation: BulkRevokeBias done
Event: 24.680 loading class javax/swing/text/GapContent$RemoveUndo
Event: 24.680 loading class javax/swing/text/GapContent$RemoveUndo done
Event: 24.680 loading class javax/swing/text/GapContent$UndoPosRef
Event: 24.681 loading class javax/swing/text/GapContent$UndoPosRef done
Event: 25.647 Executing VM operation: RevokeBias
Event: 25.647 Executing VM operation: RevokeBias done
Event: 25.647 Thread 0x000000001a4aa000 Thread exited: 0x000000001a4aa000
Event: 25.649 Thread 0x000000001a4a8800 Thread added: 0x000000001a4a8800


Dynamic libraries:
0x00007ff6f5730000 - 0x00007ff6f5767000 	C:\Program Files\Java\jdk1.8.0_111\jre\bin\java.exe
0x00007ff8e8020000 - 0x00007ff8e8210000 	C:\WINDOWS\SYSTEM32\ntdll.dll
0x00007ff8e7950000 - 0x00007ff8e7a02000 	C:\WINDOWS\System32\KERNEL32.DLL
0x00007ff8e5c70000 - 0x00007ff8e5f14000 	C:\WINDOWS\System32\KERNELBASE.dll
0x00007ff8e6d20000 - 0x00007ff8e6dc3000 	C:\WINDOWS\System32\ADVAPI32.dll
0x00007ff8e75c0000 - 0x00007ff8e765e000 	C:\WINDOWS\System32\msvcrt.dll
0x00007ff8e7b30000 - 0x00007ff8e7bc7000 	C:\WINDOWS\System32\sechost.dll
0x00007ff8e7a10000 - 0x00007ff8e7b30000 	C:\WINDOWS\System32\RPCRT4.dll
0x00007ff8e6280000 - 0x00007ff8e6414000 	C:\WINDOWS\System32\USER32.dll
0x00007ff8e6020000 - 0x00007ff8e6041000 	C:\WINDOWS\System32\win32u.dll
0x00007ff8e7870000 - 0x00007ff8e7896000 	C:\WINDOWS\System32\GDI32.dll
0x00007ff8e5020000 - 0x00007ff8e51b4000 	C:\WINDOWS\System32\gdi32full.dll
0x00007ff8e5a80000 - 0x00007ff8e5b1e000 	C:\WINDOWS\System32\msvcp_win.dll
0x00007ff8e5f20000 - 0x00007ff8e601a000 	C:\WINDOWS\System32\ucrtbase.dll
0x00007ff8da060000 - 0x00007ff8da2e4000 	C:\WINDOWS\WinSxS\amd64_microsoft.windows.common-controls_6595b64144ccf1df_6.0.18362.836_none_e6c4b943130f18ed\COMCTL32.dll
0x00007ff8e7ca0000 - 0x00007ff8e7fd6000 	C:\WINDOWS\System32\combase.dll
0x00007ff8e6050000 - 0x00007ff8e60d0000 	C:\WINDOWS\System32\bcryptPrimitives.dll
0x00007ff8e6cf0000 - 0x00007ff8e6d1e000 	C:\WINDOWS\System32\IMM32.DLL
0x000000005d5e0000 - 0x000000005d6b2000 	C:\Program Files\Java\jdk1.8.0_111\jre\bin\msvcr100.dll
0x000000005ca50000 - 0x000000005d2ea000 	C:\Program Files\Java\jdk1.8.0_111\jre\bin\server\jvm.dll
0x00007ff8e7530000 - 0x00007ff8e7538000 	C:\WINDOWS\System32\PSAPI.DLL
0x00007ff8e1920000 - 0x00007ff8e1944000 	C:\WINDOWS\SYSTEM32\WINMM.dll
0x00007ff8e3ce0000 - 0x00007ff8e3ce9000 	C:\WINDOWS\SYSTEM32\WSOCK32.dll
0x00007ff8e0580000 - 0x00007ff8e058a000 	C:\WINDOWS\SYSTEM32\VERSION.dll
0x00007ff8e6dd0000 - 0x00007ff8e6e3f000 	C:\WINDOWS\System32\WS2_32.dll
0x00007ff8e18f0000 - 0x00007ff8e191d000 	C:\WINDOWS\SYSTEM32\WINMMBASE.dll
0x00007ff8e4fb0000 - 0x00007ff8e4ffa000 	C:\WINDOWS\System32\cfgmgr32.dll
0x000000005d5d0000 - 0x000000005d5df000 	C:\Program Files\Java\jdk1.8.0_111\jre\bin\verify.dll
0x000000005c9e0000 - 0x000000005ca09000 	C:\Program Files\Java\jdk1.8.0_111\jre\bin\java.dll
0x000000005c9c0000 - 0x000000005c9d6000 	C:\Program Files\Java\jdk1.8.0_111\jre\bin\zip.dll
0x00007ff8e6e40000 - 0x00007ff8e7524000 	C:\WINDOWS\System32\SHELL32.dll
0x00007ff8e6c40000 - 0x00007ff8e6ce9000 	C:\WINDOWS\System32\shcore.dll
0x00007ff8e51f0000 - 0x00007ff8e596e000 	C:\WINDOWS\System32\windows.storage.dll
0x00007ff8e4f80000 - 0x00007ff8e4fa3000 	C:\WINDOWS\System32\profapi.dll
0x00007ff8e4f10000 - 0x00007ff8e4f5a000 	C:\WINDOWS\System32\powrprof.dll
0x00007ff8e4ee0000 - 0x00007ff8e4ef0000 	C:\WINDOWS\System32\UMPDC.dll
0x00007ff8e6540000 - 0x00007ff8e6592000 	C:\WINDOWS\System32\shlwapi.dll
0x00007ff8e4f60000 - 0x00007ff8e4f71000 	C:\WINDOWS\System32\kernel.appcore.dll
0x00007ff8e5000000 - 0x00007ff8e5017000 	C:\WINDOWS\System32\cryptsp.dll
0x000000005c9a0000 - 0x000000005c9ba000 	C:\Program Files\Java\jdk1.8.0_111\jre\bin\net.dll
0x00007ff8e4750000 - 0x00007ff8e47b7000 	C:\WINDOWS\system32\mswsock.dll
0x000000005c7e0000 - 0x000000005c978000 	C:\Program Files\Java\jdk1.8.0_111\jre\bin\awt.dll
0x00007ff8e77a0000 - 0x00007ff8e7864000 	C:\WINDOWS\System32\OLEAUT32.dll
0x00007ff8e2d00000 - 0x00007ff8e2d8f000 	C:\WINDOWS\SYSTEM32\apphelp.dll
0x00007ff8e2e70000 - 0x00007ff8e2f09000 	C:\WINDOWS\system32\uxtheme.dll
0x00007ff8e7660000 - 0x00007ff8e7796000 	C:\WINDOWS\System32\MSCTF.dll
0x00007ff8e6610000 - 0x00007ff8e6767000 	C:\WINDOWS\System32\ole32.dll
0x00007ff8e3430000 - 0x00007ff8e345d000 	C:\WINDOWS\system32\DWMAPI.DLL
0x00007ff8e4260000 - 0x00007ff8e4293000 	C:\WINDOWS\system32\rsaenh.dll
0x00007ff8e51c0000 - 0x00007ff8e51e6000 	C:\WINDOWS\System32\bcrypt.dll
0x00007ff8e4e00000 - 0x00007ff8e4e25000 	C:\WINDOWS\SYSTEM32\USERENV.dll
0x00007ff8e4920000 - 0x00007ff8e492c000 	C:\WINDOWS\SYSTEM32\CRYPTBASE.dll
0x00007ff8e4460000 - 0x00007ff8e449a000 	C:\WINDOWS\SYSTEM32\IPHLPAPI.DLL
0x00007ff8e78c0000 - 0x00007ff8e78c8000 	C:\WINDOWS\System32\NSI.dll
0x00007ff8dd480000 - 0x00007ff8dd496000 	C:\WINDOWS\SYSTEM32\dhcpcsvc6.DLL
0x00007ff8dcf40000 - 0x00007ff8dcf5c000 	C:\WINDOWS\SYSTEM32\dhcpcsvc.DLL
0x00007ff8e44b0000 - 0x00007ff8e457b000 	C:\WINDOWS\SYSTEM32\DNSAPI.dll
0x000000005c980000 - 0x000000005c991000 	C:\Program Files\Java\jdk1.8.0_111\jre\bin\nio.dll
0x000000005c790000 - 0x000000005c7d7000 	C:\Program Files\Java\jdk1.8.0_111\jre\bin\fontmanager.dll
0x000000005c740000 - 0x000000005c782000 	C:\Program Files\Java\jdk1.8.0_111\jre\bin\t2k.dll
0x00007ff8da4a0000 - 0x00007ff8da53e000 	C:\WINDOWS\System32\TextInputFramework.dll
0x00007ff8db770000 - 0x00007ff8dba9a000 	C:\WINDOWS\System32\CoreUIComponents.dll
0x00007ff8e2370000 - 0x00007ff8e2444000 	C:\WINDOWS\System32\CoreMessaging.dll
0x00007ff8e3f10000 - 0x00007ff8e3f41000 	C:\WINDOWS\SYSTEM32\ntmarta.dll
0x00007ff8e0a60000 - 0x00007ff8e0bb3000 	C:\WINDOWS\SYSTEM32\wintypes.dll
0x00007ff8d83e0000 - 0x00007ff8d8686000 	C:\WINDOWS\System32\iertutil.dll
0x00007ff8e6420000 - 0x00007ff8e64c2000 	C:\WINDOWS\System32\clbcatq.dll
0x00007ff8d87a0000 - 0x00007ff8d894f000 	C:\WINDOWS\SYSTEM32\WindowsCodecs.dll
0x00007ff8dc710000 - 0x00007ff8dc74a000 	C:\WINDOWS\system32\dataexchange.dll
0x00007ff8e27c0000 - 0x00007ff8e299c000 	C:\WINDOWS\system32\dcomp.dll
0x00007ff8e1690000 - 0x00007ff8e18eb000 	C:\WINDOWS\system32\d3d11.dll
0x00007ff8e3b00000 - 0x00007ff8e3beb000 	C:\WINDOWS\system32\dxgi.dll
0x00007ff8e3ae0000 - 0x00007ff8e3b00000 	C:\WINDOWS\SYSTEM32\dxcore.dll
0x00007ff8e2f60000 - 0x00007ff8e31c1000 	C:\WINDOWS\system32\twinapi.appcore.dll
0x00007ff8e3460000 - 0x00007ff8e3489000 	C:\WINDOWS\system32\RMCLIENT.dll

VM Arguments:
jvm_args: -Dfile.encoding=UTF-8 -Xms256m 
java_command: com.codename1.impl.javase.Simulator com.mycompany.myapp.MyApplication
java_class_path (initial): C:\Users\ASUS X550V\Documents\GitHub\DebboPiMobile\JavaSE.jar;C:\Users\ASUS X550V\Documents\GitHub\DebboPiMobile\lib\CLDC11.jar;C:\Users\ASUS X550V\Documents\GitHub\DebboPiMobile\lib\CodenameOne.jar;C:\Users\ASUS X550V\Documents\GitHub\DebboPiMobile\lib\CodenameOne_SRC.zip;C:\Users\ASUS X550V\Documents\GitHub\DebboPiMobile\lib\impl\cls;C:\Users\ASUS X550V\Documents\GitHub\DebboPiMobile\lib\impl\stubs;C:\Users\ASUS X550V\Documents\GitHub\DebboPiMobile\build\classes;C:\Users\ASUS X550V\Documents\GitHub\DebboPiMobile\native\internal_tmp
Launcher Type: SUN_STANDARD

Environment Variables:
JAVA_HOME=C:\Program Files\Java\jdk1.8.0_144
PATH=C:\Program Files (x86)\Common Files\Oracle\Java\javapath;C:\oraclexe\app\oracle\product\11.2.0\server\bin;C:\ProgramData\Oracle\Java\javapath;C:\Windows\system32;C:\Windows;C:\Windows\System32\Wbem;C:\Windows\System32\WindowsPowerShell\v1.0\;C:\Program Files (x86)\NVIDIA Corporation\PhysX\Common;C:\WINDOWS\system32;C:\WINDOWS;C:\WINDOWS\System32\Wbem;C:\WINDOWS\System32\WindowsPowerShell\v1.0\;C:\Program Files\Java\jdk1.8.0_144\bin;C:\Program Files\Java\jdk-9.0.1;C:\WINDOWS\System32\OpenSSH\;C:\Program Files\nodejs\;C:\Users\ASUS X550V\AppData\Local\Android\Sdk\tools;C:\Users\ASUS X550V\AppData\Local\Android\Sdk\platform-tools;C:\Users\ASUS X550V\AppData\Local\Android\Sdk\platforms;C:\platform-tools;C:\Program Files\NVIDIA Corporation\NVIDIA NvDLISR;C:\Program Files (x86)\Brackets\command;C:\wamp64\bin\php\php5.6.40;C:\WINDOWS\system32;C:\WINDOWS;C:\WINDOWS\System32\Wbem;C:\WINDOWS\System32\WindowsPowerShell\v1.0\;C:\WINDOWS\System32\OpenSSH\;C:\Program Files\Git\cmd;C:\Users\ASUS X550V\AppData\Local\Microsoft\WindowsApps;C:\Users\ASUS X550V\AppData\Local\Programs\MiKTeX 2.9\miktex\bin\x64\;C:\Users\ASUS X550V\AppData\Local\Google\Cloud SDK\google-cloud-sdk\bin;C:\Users\ASUS X550V\AppData\Roaming\npm;C:\Users\ASUS X550V\AppData\Local\Programs\Microsoft VS Code\bin;C:\Users\ASUS X550V\AppData\Local\GitHubDesktop\bin;C:\Users\ASUS X550V\AppData\Local\Microsoft\WindowsApps;C:\Users\ASUS X550V\composer;C:\Users\ASUS X550V\AppData\Roaming\Composer\vendor\bin
USERNAME=ASUS X550V
OS=Windows_NT
PROCESSOR_IDENTIFIER=Intel64 Family 6 Model 94 Stepping 3, GenuineIntel



---------------  S Y S T E M  ---------------

OS: Windows 10.0 , 64 bit Build 18362 (10.0.18362.778)

CPU:total 8 (4 cores per cpu, 2 threads per core) family 6 model 94 stepping 3, cmov, cx8, fxsr, mmx, sse, sse2, sse3, ssse3, sse4.1, sse4.2, popcnt, avx, avx2, aes, clmul, erms, rtm, 3dnowpref, lzcnt, ht, tsc, tscinvbit, bmi1, bmi2, adx

Memory: 4k page, physical 8278792k(1922184k free), swap 10230536k(4592k free)

vm_info: Java HotSpot(TM) 64-Bit Server VM (25.111-b14) for windows-amd64 JRE (1.8.0_111-b14), built on Sep 22 2016 19:24:05 by "java_re" with MS VC++ 10.0 (VS2010)

time: Mon May 25 22:00:09 2020
elapsed time: 29 seconds (0d 0h 0m 29s)

